2025-04-25 09:35:45 [HikariPool-1 housekeeper] WARN  com.zaxxer.hikari.pool.HikariPool - HikariPool-1 - Thread starvation or clock leap detected (housekeeper delta=9h11m56s860ms333µs300ns).
2025-04-25 11:14:56 [HikariPool-1 housekeeper] WARN  com.zaxxer.hikari.pool.HikariPool - HikariPool-1 - Thread starvation or clock leap detected (housekeeper delta=1h33m20s182ms757µs500ns).
2025-04-25 11:15:36 [SpringApplicationShutdownHook] INFO  o.s.o.j.LocalContainerEntityManagerFactoryBean - Closing JPA EntityManagerFactory for persistence unit 'default'
2025-04-25 11:15:36 [SpringApplicationShutdownHook] INFO  com.zaxxer.hikari.HikariDataSource - HikariPool-1 - Shutdown initiated...
2025-04-25 11:15:36 [SpringApplicationShutdownHook] INFO  com.zaxxer.hikari.HikariDataSource - HikariPool-1 - Shutdown completed.
2025-04-25 11:31:19 [main] INFO  c.t.app.TeamCenterApplication - Starting TeamCenterApplication using Java 24 with PID 12624 (C:\Users\RED KING\IntBusDip\TeamCenter\target\classes started by RED KING in C:\Users\RED KING\IntBusDip\TeamCenter)
2025-04-25 11:31:19 [main] DEBUG c.t.app.TeamCenterApplication - Running with Spring Boot v3.3.0-M2, Spring v6.1.4
2025-04-25 11:31:19 [main] INFO  c.t.app.TeamCenterApplication - The following 1 profile is active: "dev"
2025-04-25 11:31:20 [main] INFO  o.s.d.r.c.RepositoryConfigurationDelegate - Bootstrapping Spring Data JPA repositories in DEFAULT mode.
2025-04-25 11:31:20 [main] INFO  o.s.d.r.c.RepositoryConfigurationDelegate - Finished Spring Data repository scanning in 63 ms. Found 2 JPA repository interfaces.
2025-04-25 11:31:21 [main] INFO  o.s.b.w.e.tomcat.TomcatWebServer - Tomcat initialized with port 8080 (http)
2025-04-25 11:31:21 [main] INFO  o.a.coyote.http11.Http11NioProtocol - Initializing ProtocolHandler ["http-nio-8080"]
2025-04-25 11:31:21 [main] INFO  o.a.catalina.core.StandardService - Starting service [Tomcat]
2025-04-25 11:31:21 [main] INFO  o.a.catalina.core.StandardEngine - Starting Servlet engine: [Apache Tomcat/10.1.19]
2025-04-25 11:31:21 [main] INFO  o.a.c.c.C.[Tomcat].[localhost].[/] - Initializing Spring embedded WebApplicationContext
2025-04-25 11:31:21 [main] INFO  o.s.b.w.s.c.ServletWebServerApplicationContext - Root WebApplicationContext: initialization completed in 1627 ms
2025-04-25 11:31:21 [main] INFO  com.zaxxer.hikari.HikariDataSource - HikariPool-1 - Starting...
2025-04-25 11:31:21 [main] INFO  com.zaxxer.hikari.pool.HikariPool - HikariPool-1 - Added connection conn0: url=jdbc:h2:file:./teamcenterdb user=SA
2025-04-25 11:31:21 [main] INFO  com.zaxxer.hikari.HikariDataSource - HikariPool-1 - Start completed.
2025-04-25 11:31:21 [main] INFO  o.s.b.a.h.H2ConsoleAutoConfiguration - H2 console available at '/h2-console'. Database available at 'jdbc:h2:file:./teamcenterdb'
2025-04-25 11:31:22 [main] INFO  o.h.jpa.internal.util.LogHelper - HHH000204: Processing PersistenceUnitInfo [name: default]
2025-04-25 11:31:22 [main] INFO  org.hibernate.Version - HHH000412: Hibernate ORM core version 6.4.4.Final
2025-04-25 11:31:22 [main] INFO  o.h.c.i.RegionFactoryInitiator - HHH000026: Second-level cache disabled
2025-04-25 11:31:22 [main] INFO  o.s.o.j.p.SpringPersistenceUnitInfo - No LoadTimeWeaver setup: ignoring JPA class transformer
2025-04-25 11:31:22 [main] WARN  org.hibernate.orm.deprecation - HHH90000025: H2Dialect does not need to be specified explicitly using 'hibernate.dialect' (remove the property setting and it will be selected by default)
2025-04-25 11:31:23 [main] INFO  o.h.e.t.j.p.i.JtaPlatformInitiator - HHH000489: No JTA platform available (set 'hibernate.transaction.jta.platform' to enable JTA platform integration)
2025-04-25 11:31:23 [main] INFO  o.s.o.j.LocalContainerEntityManagerFactoryBean - Initialized JPA EntityManagerFactory for persistence unit 'default'
2025-04-25 11:31:23 [main] INFO  c.t.a.config.DatabaseMigrationConfig - База данных настроена для сохранения после перезапуска сервера.
2025-04-25 11:31:23 [main] WARN  o.s.b.a.o.j.JpaBaseConfiguration$JpaWebConfiguration - spring.jpa.open-in-view is enabled by default. Therefore, database queries may be performed during view rendering. Explicitly configure spring.jpa.open-in-view to disable this warning
2025-04-25 11:31:23 [main] WARN  o.s.b.a.s.s.UserDetailsServiceAutoConfiguration - 

Using generated security password: 0616a902-335d-435f-bc82-9d7f3a9cd204

This generated password is for development use only. Your security configuration must be updated before running your application in production.

2025-04-25 11:31:24 [main] INFO  o.s.b.a.w.s.WelcomePageHandlerMapping - Adding welcome page template: index
2025-04-25 11:31:24 [main] INFO  o.s.s.web.DefaultSecurityFilterChain - Will secure any request with [org.springframework.security.web.session.DisableEncodeUrlFilter@d6879bf, org.springframework.security.web.context.request.async.WebAsyncManagerIntegrationFilter@154208f2, org.springframework.security.web.context.SecurityContextHolderFilter@2784145d, org.springframework.security.web.header.HeaderWriterFilter@52b7c1d9, org.springframework.web.filter.CorsFilter@318a81a0, org.springframework.security.web.authentication.logout.LogoutFilter@16e3d6d0, org.springframework.security.web.savedrequest.RequestCacheAwareFilter@7789526e, org.springframework.security.web.servletapi.SecurityContextHolderAwareRequestFilter@5fafd099, org.springframework.security.web.authentication.AnonymousAuthenticationFilter@f73a7cf, org.springframework.security.web.access.ExceptionTranslationFilter@47bbf44d, org.springframework.security.web.access.intercept.AuthorizationFilter@623d222]
2025-04-25 11:31:24 [main] INFO  o.a.coyote.http11.Http11NioProtocol - Starting ProtocolHandler ["http-nio-8080"]
2025-04-25 11:31:24 [main] INFO  o.s.b.w.e.tomcat.TomcatWebServer - Tomcat started on port 8080 (http) with context path '/'
2025-04-25 11:31:24 [main] INFO  c.t.app.TeamCenterApplication - Started TeamCenterApplication in 5.379 seconds (process running for 5.801)
2025-04-25 11:32:47 [http-nio-8080-exec-2] INFO  o.a.c.c.C.[Tomcat].[localhost].[/] - Initializing Spring DispatcherServlet 'dispatcherServlet'
2025-04-25 11:32:47 [http-nio-8080-exec-2] INFO  o.s.web.servlet.DispatcherServlet - Initializing Servlet 'dispatcherServlet'
2025-04-25 11:32:47 [http-nio-8080-exec-2] INFO  o.s.web.servlet.DispatcherServlet - Completed initialization in 2 ms
2025-04-25 11:32:56 [http-nio-8080-exec-7] INFO  c.t.app.controller.SyncController - Получены данные из IntBus: [data, dataType, source, name, code, NAME]
2025-04-25 11:32:56 [http-nio-8080-exec-7] INFO  c.t.app.controller.SyncController - Обработка номенклатуры из IntBus с внутренним кодом: NM123456-B-001-00-00-00-B-00/01
2025-04-25 11:32:56 [http-nio-8080-exec-7] INFO  c.t.app.controller.SyncController - Найдена существующая номенклатура с ID: 1
2025-04-25 11:32:56 [http-nio-8080-exec-7] INFO  c.t.app.controller.SyncController - Номенклатура с ID 1 успешно обновлена
2025-04-25 13:46:11 [HikariPool-1 housekeeper] WARN  com.zaxxer.hikari.pool.HikariPool - HikariPool-1 - Thread starvation or clock leap detected (housekeeper delta=1h24m58s999ms701µs800ns).
2025-04-25 14:23:48 [HikariPool-1 housekeeper] WARN  com.zaxxer.hikari.pool.HikariPool - HikariPool-1 - Thread starvation or clock leap detected (housekeeper delta=15m37s226ms186µs300ns).
2025-04-25 18:55:18 [HikariPool-1 housekeeper] WARN  com.zaxxer.hikari.pool.HikariPool - HikariPool-1 - Thread starvation or clock leap detected (housekeeper delta=2h17m7s792ms616µs300ns).
