2025-04-20 16:40:03 [main] INFO  c.t.app.TeamCenterApplication - Starting TeamCenterApplication using Java 24 with PID 46868 (C:\Users\RED KING\IntBusDip\TeamCenter\target\classes started by RED KING in C:\Users\RED KING\IntBusDip\TeamCenter)
2025-04-20 16:40:03 [main] DEBUG c.t.app.TeamCenterApplication - Running with Spring Boot v3.3.0-M2, Spring v6.1.4
2025-04-20 16:40:03 [main] INFO  c.t.app.TeamCenterApplication - The following 1 profile is active: "dev"
2025-04-20 16:40:04 [main] INFO  o.s.d.r.c.RepositoryConfigurationDelegate - Bootstrapping Spring Data JPA repositories in DEFAULT mode.
2025-04-20 16:40:04 [main] INFO  o.s.d.r.c.RepositoryConfigurationDelegate - Finished Spring Data repository scanning in 61 ms. Found 2 JPA repository interfaces.
2025-04-20 16:40:05 [main] INFO  o.s.b.w.e.tomcat.TomcatWebServer - Tomcat initialized with port 8080 (http)
2025-04-20 16:40:05 [main] INFO  o.a.coyote.http11.Http11NioProtocol - Initializing ProtocolHandler ["http-nio-8080"]
2025-04-20 16:40:05 [main] INFO  o.a.catalina.core.StandardService - Starting service [Tomcat]
2025-04-20 16:40:05 [main] INFO  o.a.catalina.core.StandardEngine - Starting Servlet engine: [Apache Tomcat/10.1.19]
2025-04-20 16:40:05 [main] INFO  o.a.c.c.C.[Tomcat].[localhost].[/] - Initializing Spring embedded WebApplicationContext
2025-04-20 16:40:05 [main] INFO  o.s.b.w.s.c.ServletWebServerApplicationContext - Root WebApplicationContext: initialization completed in 1561 ms
2025-04-20 16:40:05 [main] INFO  com.zaxxer.hikari.HikariDataSource - HikariPool-1 - Starting...
2025-04-20 16:40:05 [main] INFO  com.zaxxer.hikari.pool.HikariPool - HikariPool-1 - Added connection conn0: url=jdbc:h2:file:./teamcenterdb user=SA
2025-04-20 16:40:05 [main] INFO  com.zaxxer.hikari.HikariDataSource - HikariPool-1 - Start completed.
2025-04-20 16:40:05 [main] INFO  o.s.b.a.h.H2ConsoleAutoConfiguration - H2 console available at '/h2-console'. Database available at 'jdbc:h2:file:./teamcenterdb'
2025-04-20 16:40:05 [main] INFO  o.h.jpa.internal.util.LogHelper - HHH000204: Processing PersistenceUnitInfo [name: default]
2025-04-20 16:40:05 [main] INFO  org.hibernate.Version - HHH000412: Hibernate ORM core version 6.4.4.Final
2025-04-20 16:40:05 [main] INFO  o.h.c.i.RegionFactoryInitiator - HHH000026: Second-level cache disabled
2025-04-20 16:40:06 [main] INFO  o.s.o.j.p.SpringPersistenceUnitInfo - No LoadTimeWeaver setup: ignoring JPA class transformer
2025-04-20 16:40:06 [main] WARN  org.hibernate.orm.deprecation - HHH90000025: H2Dialect does not need to be specified explicitly using 'hibernate.dialect' (remove the property setting and it will be selected by default)
2025-04-20 16:40:07 [main] INFO  o.h.e.t.j.p.i.JtaPlatformInitiator - HHH000489: No JTA platform available (set 'hibernate.transaction.jta.platform' to enable JTA platform integration)
2025-04-20 16:40:07 [main] INFO  o.s.o.j.LocalContainerEntityManagerFactoryBean - Initialized JPA EntityManagerFactory for persistence unit 'default'
2025-04-20 16:40:07 [main] INFO  c.t.a.config.DatabaseMigrationConfig - База данных настроена для сохранения после перезапуска сервера.
2025-04-20 16:40:07 [main] WARN  o.s.b.a.o.j.JpaBaseConfiguration$JpaWebConfiguration - spring.jpa.open-in-view is enabled by default. Therefore, database queries may be performed during view rendering. Explicitly configure spring.jpa.open-in-view to disable this warning
2025-04-20 16:40:07 [main] WARN  o.s.b.a.s.s.UserDetailsServiceAutoConfiguration - 

Using generated security password: 0a06ae74-7e60-46c6-83b6-915592279a62

This generated password is for development use only. Your security configuration must be updated before running your application in production.

2025-04-20 16:40:07 [main] INFO  o.s.b.a.w.s.WelcomePageHandlerMapping - Adding welcome page template: index
2025-04-20 16:40:07 [main] INFO  o.s.s.web.DefaultSecurityFilterChain - Will secure any request with [org.springframework.security.web.session.DisableEncodeUrlFilter@4e93d23e, org.springframework.security.web.context.request.async.WebAsyncManagerIntegrationFilter@743b7025, org.springframework.security.web.context.SecurityContextHolderFilter@4202bfe8, org.springframework.security.web.header.HeaderWriterFilter@34c2e03d, org.springframework.web.filter.CorsFilter@5eadc347, org.springframework.security.web.authentication.logout.LogoutFilter@4198921f, org.springframework.security.web.savedrequest.RequestCacheAwareFilter@53c21c05, org.springframework.security.web.servletapi.SecurityContextHolderAwareRequestFilter@6f986031, org.springframework.security.web.authentication.AnonymousAuthenticationFilter@28b16193, org.springframework.security.web.access.ExceptionTranslationFilter@408980aa, org.springframework.security.web.access.intercept.AuthorizationFilter@53dd29e0]
2025-04-20 16:40:08 [main] INFO  o.a.coyote.http11.Http11NioProtocol - Starting ProtocolHandler ["http-nio-8080"]
2025-04-20 16:40:08 [main] INFO  o.s.b.w.e.tomcat.TomcatWebServer - Tomcat started on port 8080 (http) with context path '/'
2025-04-20 16:40:08 [main] INFO  c.t.app.TeamCenterApplication - Started TeamCenterApplication in 5.37 seconds (process running for 5.76)
2025-04-20 16:41:56 [http-nio-8080-exec-1] INFO  o.a.c.c.C.[Tomcat].[localhost].[/] - Initializing Spring DispatcherServlet 'dispatcherServlet'
2025-04-20 16:41:56 [http-nio-8080-exec-1] INFO  o.s.web.servlet.DispatcherServlet - Initializing Servlet 'dispatcherServlet'
2025-04-20 16:41:56 [http-nio-8080-exec-1] INFO  o.s.web.servlet.DispatcherServlet - Completed initialization in 3 ms
2025-04-20 16:46:53 [SpringApplicationShutdownHook] INFO  o.s.o.j.LocalContainerEntityManagerFactoryBean - Closing JPA EntityManagerFactory for persistence unit 'default'
2025-04-20 16:46:53 [SpringApplicationShutdownHook] INFO  com.zaxxer.hikari.HikariDataSource - HikariPool-1 - Shutdown initiated...
2025-04-20 16:46:53 [SpringApplicationShutdownHook] INFO  com.zaxxer.hikari.HikariDataSource - HikariPool-1 - Shutdown completed.
2025-04-20 16:47:19 [main] INFO  c.t.app.TeamCenterApplication - Starting TeamCenterApplication using Java 24 with PID 40932 (C:\Users\RED KING\IntBusDip\TeamCenter\target\classes started by RED KING in C:\Users\RED KING\IntBusDip\TeamCenter)
2025-04-20 16:47:19 [main] DEBUG c.t.app.TeamCenterApplication - Running with Spring Boot v3.3.0-M2, Spring v6.1.4
2025-04-20 16:47:19 [main] INFO  c.t.app.TeamCenterApplication - The following 1 profile is active: "dev"
2025-04-20 16:47:20 [main] INFO  o.s.d.r.c.RepositoryConfigurationDelegate - Bootstrapping Spring Data JPA repositories in DEFAULT mode.
2025-04-20 16:47:20 [main] INFO  o.s.d.r.c.RepositoryConfigurationDelegate - Finished Spring Data repository scanning in 57 ms. Found 2 JPA repository interfaces.
2025-04-20 16:47:20 [main] INFO  o.s.b.w.e.tomcat.TomcatWebServer - Tomcat initialized with port 8080 (http)
2025-04-20 16:47:20 [main] INFO  o.a.coyote.http11.Http11NioProtocol - Initializing ProtocolHandler ["http-nio-8080"]
2025-04-20 16:47:20 [main] INFO  o.a.catalina.core.StandardService - Starting service [Tomcat]
2025-04-20 16:47:20 [main] INFO  o.a.catalina.core.StandardEngine - Starting Servlet engine: [Apache Tomcat/10.1.19]
2025-04-20 16:47:20 [main] INFO  o.a.c.c.C.[Tomcat].[localhost].[/] - Initializing Spring embedded WebApplicationContext
2025-04-20 16:47:20 [main] INFO  o.s.b.w.s.c.ServletWebServerApplicationContext - Root WebApplicationContext: initialization completed in 1396 ms
2025-04-20 16:47:21 [main] INFO  com.zaxxer.hikari.HikariDataSource - HikariPool-1 - Starting...
2025-04-20 16:47:21 [main] INFO  com.zaxxer.hikari.pool.HikariPool - HikariPool-1 - Added connection conn0: url=jdbc:h2:file:./teamcenterdb user=SA
2025-04-20 16:47:21 [main] INFO  com.zaxxer.hikari.HikariDataSource - HikariPool-1 - Start completed.
2025-04-20 16:47:21 [main] INFO  o.s.b.a.h.H2ConsoleAutoConfiguration - H2 console available at '/h2-console'. Database available at 'jdbc:h2:file:./teamcenterdb'
2025-04-20 16:47:21 [main] INFO  o.h.jpa.internal.util.LogHelper - HHH000204: Processing PersistenceUnitInfo [name: default]
2025-04-20 16:47:21 [main] INFO  org.hibernate.Version - HHH000412: Hibernate ORM core version 6.4.4.Final
2025-04-20 16:47:21 [main] INFO  o.h.c.i.RegionFactoryInitiator - HHH000026: Second-level cache disabled
2025-04-20 16:47:21 [main] INFO  o.s.o.j.p.SpringPersistenceUnitInfo - No LoadTimeWeaver setup: ignoring JPA class transformer
2025-04-20 16:47:21 [main] WARN  org.hibernate.orm.deprecation - HHH90000025: H2Dialect does not need to be specified explicitly using 'hibernate.dialect' (remove the property setting and it will be selected by default)
2025-04-20 16:47:22 [main] INFO  o.h.e.t.j.p.i.JtaPlatformInitiator - HHH000489: No JTA platform available (set 'hibernate.transaction.jta.platform' to enable JTA platform integration)
2025-04-20 16:47:22 [main] INFO  o.s.o.j.LocalContainerEntityManagerFactoryBean - Initialized JPA EntityManagerFactory for persistence unit 'default'
2025-04-20 16:47:22 [main] INFO  c.t.a.config.DatabaseMigrationConfig - База данных настроена для сохранения после перезапуска сервера.
2025-04-20 16:47:23 [main] WARN  o.s.b.a.o.j.JpaBaseConfiguration$JpaWebConfiguration - spring.jpa.open-in-view is enabled by default. Therefore, database queries may be performed during view rendering. Explicitly configure spring.jpa.open-in-view to disable this warning
2025-04-20 16:47:23 [main] WARN  o.s.b.a.s.s.UserDetailsServiceAutoConfiguration - 

Using generated security password: 8917c0d6-b294-4297-806c-b5e5697f0f4b

This generated password is for development use only. Your security configuration must be updated before running your application in production.

2025-04-20 16:47:23 [main] INFO  o.s.b.a.w.s.WelcomePageHandlerMapping - Adding welcome page template: index
2025-04-20 16:47:23 [main] INFO  o.s.s.web.DefaultSecurityFilterChain - Will secure any request with [org.springframework.security.web.session.DisableEncodeUrlFilter@62a6a47e, org.springframework.security.web.context.request.async.WebAsyncManagerIntegrationFilter@4645a575, org.springframework.security.web.context.SecurityContextHolderFilter@1cb73a92, org.springframework.security.web.header.HeaderWriterFilter@7712df76, org.springframework.web.filter.CorsFilter@b332eda, org.springframework.security.web.authentication.logout.LogoutFilter@38326fd5, org.springframework.security.web.savedrequest.RequestCacheAwareFilter@36017835, org.springframework.security.web.servletapi.SecurityContextHolderAwareRequestFilter@7207f3c2, org.springframework.security.web.authentication.AnonymousAuthenticationFilter@6bf70600, org.springframework.security.web.access.ExceptionTranslationFilter@10664c3d, org.springframework.security.web.access.intercept.AuthorizationFilter@1fd77205]
2025-04-20 16:47:23 [main] INFO  o.a.coyote.http11.Http11NioProtocol - Starting ProtocolHandler ["http-nio-8080"]
2025-04-20 16:47:23 [main] INFO  o.s.b.w.e.tomcat.TomcatWebServer - Tomcat started on port 8080 (http) with context path '/'
2025-04-20 16:47:23 [main] INFO  c.t.app.TeamCenterApplication - Started TeamCenterApplication in 4.708 seconds (process running for 5.095)
2025-04-20 16:48:20 [http-nio-8080-exec-1] INFO  o.a.c.c.C.[Tomcat].[localhost].[/] - Initializing Spring DispatcherServlet 'dispatcherServlet'
2025-04-20 16:48:20 [http-nio-8080-exec-1] INFO  o.s.web.servlet.DispatcherServlet - Initializing Servlet 'dispatcherServlet'
2025-04-20 16:48:20 [http-nio-8080-exec-1] INFO  o.s.web.servlet.DispatcherServlet - Completed initialization in 1 ms
2025-04-20 16:48:20 [http-nio-8080-exec-1] INFO  c.t.app.controller.SyncController - Получены данные из IntBus: [apikey, sender, dataType, data]
2025-04-20 16:48:20 [http-nio-8080-exec-1] INFO  c.t.app.controller.SyncController - Обработка номенклатуры из IntBus с внутренним кодом: Н7
2025-04-20 16:48:20 [http-nio-8080-exec-1] INFO  c.t.app.controller.SyncController - Создание новой номенклатуры с внутренним кодом: Н7
2025-04-20 16:48:20 [http-nio-8080-exec-1] INFO  c.t.app.controller.SyncController - Номенклатура с ID 6 успешно создана
2025-04-20 16:48:41 [http-nio-8080-exec-1] INFO  c.t.a.c.NomenclatureController - Номенклатура с ID 6 успешно удалена
2025-04-20 17:28:58 [http-nio-8080-exec-9] INFO  c.t.app.controller.SyncController - Получены данные из IntBus: [apikey, sender, type, data]
2025-04-20 18:13:50 [http-nio-8080-exec-1] INFO  c.t.app.controller.SyncController - Получены данные из IntBus: [apikey, sender, dataType, data]
2025-04-20 18:13:50 [http-nio-8080-exec-1] INFO  c.t.app.controller.SyncController - Обработка номенклатуры из IntBus с внутренним кодом: Н7
2025-04-20 18:13:50 [http-nio-8080-exec-1] INFO  c.t.app.controller.SyncController - Создание новой номенклатуры с внутренним кодом: Н7
2025-04-20 18:13:50 [http-nio-8080-exec-1] INFO  c.t.app.controller.SyncController - Номенклатура с ID 7 успешно создана
2025-04-20 18:14:01 [http-nio-8080-exec-1] INFO  c.t.a.c.NomenclatureController - Номенклатура с ID 7 успешно удалена
2025-04-20 18:19:16 [http-nio-8080-exec-2] INFO  c.t.app.controller.SyncController - Получены данные из IntBus: [apikey, sender, dataType, data]
2025-04-20 18:19:16 [http-nio-8080-exec-2] INFO  c.t.app.controller.SyncController - Обработка номенклатуры из IntBus с внутренним кодом: Н7
2025-04-20 18:19:16 [http-nio-8080-exec-2] INFO  c.t.app.controller.SyncController - Создание новой номенклатуры с внутренним кодом: Н7
2025-04-20 18:19:16 [http-nio-8080-exec-2] INFO  c.t.app.controller.SyncController - Номенклатура с ID 8 успешно создана
2025-04-20 18:19:38 [http-nio-8080-exec-7] INFO  c.t.a.c.NomenclatureController - Номенклатура с ID 8 успешно удалена
2025-04-20 18:20:23 [http-nio-8080-exec-1] INFO  c.t.app.controller.SyncController - Получены данные из IntBus: [apikey, sender, dataType, data]
2025-04-20 18:20:23 [http-nio-8080-exec-1] INFO  c.t.app.controller.SyncController - Обработка номенклатуры из IntBus с внутренним кодом: Н7
2025-04-20 18:20:23 [http-nio-8080-exec-1] INFO  c.t.app.controller.SyncController - Создание новой номенклатуры с внутренним кодом: Н7
2025-04-20 18:20:23 [http-nio-8080-exec-1] INFO  c.t.app.controller.SyncController - Номенклатура с ID 9 успешно создана
2025-04-20 18:26:46 [http-nio-8080-exec-4] INFO  c.t.a.c.NomenclatureController - Номенклатура с ID 9 успешно удалена
2025-04-20 18:36:19 [http-nio-8080-exec-9] INFO  c.t.app.controller.SyncController - Получены данные из IntBus: [apikey, sender, dataType, data]
2025-04-20 18:36:19 [http-nio-8080-exec-9] INFO  c.t.app.controller.SyncController - Обработка номенклатуры из IntBus с внутренним кодом: Н7
2025-04-20 18:36:19 [http-nio-8080-exec-9] INFO  c.t.app.controller.SyncController - Создание новой номенклатуры с внутренним кодом: Н7
2025-04-20 18:36:19 [http-nio-8080-exec-9] INFO  c.t.app.controller.SyncController - Номенклатура с ID 10 успешно создана
2025-04-20 18:39:11 [http-nio-8080-exec-7] INFO  c.t.app.controller.SyncController - Получены данные из IntBus: [apikey, sender, dataType, data]
2025-04-20 18:39:11 [http-nio-8080-exec-7] INFO  c.t.app.controller.SyncController - Обработка номенклатуры из IntBus с внутренним кодом: Н7
2025-04-20 18:39:11 [http-nio-8080-exec-7] INFO  c.t.app.controller.SyncController - Найдена существующая номенклатура с ID: 10
2025-04-20 18:39:11 [http-nio-8080-exec-7] INFO  c.t.app.controller.SyncController - Номенклатура с ID 10 успешно обновлена
2025-04-20 18:50:11 [http-nio-8080-exec-3] INFO  c.t.app.controller.SyncController - Получены данные из IntBus: [apikey, sender, dataType, data]
2025-04-20 18:50:11 [http-nio-8080-exec-3] INFO  c.t.app.controller.SyncController - Обработка номенклатуры из IntBus с внутренним кодом: Н7
2025-04-20 18:50:11 [http-nio-8080-exec-3] INFO  c.t.app.controller.SyncController - Найдена существующая номенклатура с ID: 10
2025-04-20 18:50:11 [http-nio-8080-exec-3] INFO  c.t.app.controller.SyncController - Номенклатура с ID 10 успешно обновлена
2025-04-20 18:59:04 [http-nio-8080-exec-6] INFO  c.t.app.controller.SyncController - Получены данные из IntBus: [apikey, sender, dataType, data]
2025-04-20 18:59:04 [http-nio-8080-exec-6] INFO  c.t.app.controller.SyncController - Обработка номенклатуры из IntBus с внутренним кодом: Н7
2025-04-20 18:59:04 [http-nio-8080-exec-6] INFO  c.t.app.controller.SyncController - Найдена существующая номенклатура с ID: 10
2025-04-20 18:59:04 [http-nio-8080-exec-6] INFO  c.t.app.controller.SyncController - Номенклатура с ID 10 успешно обновлена
2025-04-20 19:09:52 [http-nio-8080-exec-3] INFO  c.t.app.controller.SyncController - Получены данные из IntBus: [apikey, sender, dataType, data]
2025-04-20 19:09:52 [http-nio-8080-exec-3] INFO  c.t.app.controller.SyncController - Обработка номенклатуры из IntBus с внутренним кодом: Н7
2025-04-20 19:09:52 [http-nio-8080-exec-3] INFO  c.t.app.controller.SyncController - Найдена существующая номенклатура с ID: 10
2025-04-20 19:09:52 [http-nio-8080-exec-3] INFO  c.t.app.controller.SyncController - Номенклатура с ID 10 успешно обновлена
2025-04-20 19:13:49 [http-nio-8080-exec-6] INFO  c.t.app.controller.SyncController - Получены данные из IntBus: [apikey, sender, dataType, data]
2025-04-20 19:13:49 [http-nio-8080-exec-6] INFO  c.t.app.controller.SyncController - Обработка номенклатуры из IntBus с внутренним кодом: Н7
2025-04-20 19:13:49 [http-nio-8080-exec-6] INFO  c.t.app.controller.SyncController - Найдена существующая номенклатура с ID: 10
2025-04-20 19:13:49 [http-nio-8080-exec-6] INFO  c.t.app.controller.SyncController - Номенклатура с ID 10 успешно обновлена
2025-04-20 19:59:33 [http-nio-8080-exec-3] INFO  c.t.app.controller.SyncController - Получены данные из IntBus: [apikey, sender, dataType, data]
2025-04-20 19:59:33 [http-nio-8080-exec-3] INFO  c.t.app.controller.SyncController - Обработка номенклатуры из IntBus с внутренним кодом: Н7
2025-04-20 19:59:33 [http-nio-8080-exec-3] INFO  c.t.app.controller.SyncController - Найдена существующая номенклатура с ID: 10
2025-04-20 19:59:33 [http-nio-8080-exec-3] INFO  c.t.app.controller.SyncController - Номенклатура с ID 10 успешно обновлена
